+1. Сделано выставление шаров.
+2. Сделан поиск пути и перемещение шара.
+3. Сделано удаления шаров, очки и окончание игры.
+4. Добавлено предпоказ шариков.
+5. Изменен размер доски и количество шариков для линии.
+6. Добавлено убирание шариков по левой и правой диагоналям.
+7. Добавлена разметка.
+8. Доработано удаление линий.
+9. Добавлена анимация удаления шариков.
+10. Добавлена анимация движения.
+11. Добавлено изменение начального случайного распределения.
+12. Добавлена запись результата игры и считывание из БД.
+13. Добавлено считывание имени пользователя из файла.
+14. Добавлен Stealth режим, управление без нажатия клавиш мыши.
+15. Добавлено управление колесиком мышки.
+16. Улучшена графика, добавлено подпрыгивание при выборе.
+17. Включен Антиалиасинг, гамма сделана более светлой.
+18. Добавлено получение настроек из xml файла.
+19. Добавлено сохранение результатов локально, если БД отсутствует и сохранение в БД при ее появлении,
    после старта программы.
+20. Добавлено обновление программы с ftp.
